{"C:\\Dev\\School\\12__Examensarbete\\precision-spec-dev\\src\\components\\forms\\Button\\Button.module.scss": {"path":"C:\\Dev\\School\\12__Examensarbete\\precision-spec-dev\\src\\components\\forms\\Button\\Button.module.scss","statementMap":{},"fnMap":{},"branchMap":{},"s":{},"f":{},"b":{},"meta":{"lastBranch":0,"lastFunction":0,"lastStatement":0,"seen":{}}}
,"C:\\Dev\\School\\12__Examensarbete\\precision-spec-dev\\src\\components\\forms\\Button\\Button.tsx": {"path":"C:\\Dev\\School\\12__Examensarbete\\precision-spec-dev\\src\\components\\forms\\Button\\Button.tsx","statementMap":{"0":{"start":{"line":96,"column":22},"end":{"line":222,"column":null}},"1":{"start":{"line":119,"column":21},"end":{"line":119,"column":null}},"2":{"start":{"line":120,"column":18},"end":{"line":120,"column":null}},"3":{"start":{"line":122,"column":8},"end":{"line":124,"column":null}},"4":{"start":{"line":126,"column":2},"end":{"line":141,"column":null}},"5":{"start":{"line":127,"column":15},"end":{"line":127,"column":null}},"6":{"start":{"line":128,"column":4},"end":{"line":128,"column":null}},"7":{"start":{"line":128,"column":13},"end":{"line":128,"column":null}},"8":{"start":{"line":130,"column":57},"end":{"line":130,"column":null}},"9":{"start":{"line":133,"column":26},"end":{"line":133,"column":null}},"10":{"start":{"line":136,"column":23},"end":{"line":136,"column":null}},"11":{"start":{"line":137,"column":23},"end":{"line":137,"column":null}},"12":{"start":{"line":140,"column":4},"end":{"line":140,"column":null}},"13":{"start":{"line":143,"column":22},"end":{"line":149,"column":null}},"14":{"start":{"line":146,"column":4},"end":{"line":148,"column":null}},"15":{"start":{"line":147,"column":6},"end":{"line":147,"column":null}},"16":{"start":{"line":151,"column":8},"end":{"line":166,"column":null}},"17":{"start":{"line":168,"column":14},"end":{"line":168,"column":null}},"18":{"start":{"line":170,"column":22},"end":{"line":178,"column":null}},"19":{"start":{"line":172,"column":35},"end":{"line":172,"column":52}},"20":{"start":{"line":180,"column":24},"end":{"line":192,"column":null}},"21":{"start":{"line":195,"column":4},"end":{"line":214,"column":null}},"22":{"start":{"line":217,"column":2},"end":{"line":220,"column":null}}},"fnMap":{"0":{"name":"(anonymous_0)","decl":{"start":{"line":96,"column":22},"end":{"line":96,"column":23}},"loc":{"start":{"line":117,"column":19},"end":{"line":222,"column":null}},"line":117},"1":{"name":"(anonymous_1)","decl":{"start":{"line":126,"column":18},"end":{"line":126,"column":24}},"loc":{"start":{"line":126,"column":24},"end":{"line":141,"column":5}},"line":126},"2":{"name":"(anonymous_2)","decl":{"start":{"line":143,"column":22},"end":{"line":143,"column":null}},"loc":{"start":{"line":145,"column":7},"end":{"line":149,"column":null}},"line":145},"3":{"name":"(anonymous_3)","decl":{"start":{"line":172,"column":23},"end":{"line":172,"column":24}},"loc":{"start":{"line":172,"column":35},"end":{"line":172,"column":52}},"line":172}},"branchMap":{"0":{"loc":{"start":{"line":98,"column":2},"end":{"line":98,"column":null}},"type":"default-arg","locations":[{"start":{"line":98,"column":12},"end":{"line":98,"column":null}}],"line":98},"1":{"loc":{"start":{"line":99,"column":2},"end":{"line":99,"column":null}},"type":"default-arg","locations":[{"start":{"line":99,"column":9},"end":{"line":99,"column":null}}],"line":99},"2":{"loc":{"start":{"line":100,"column":2},"end":{"line":100,"column":null}},"type":"default-arg","locations":[{"start":{"line":100,"column":11},"end":{"line":100,"column":null}}],"line":100},"3":{"loc":{"start":{"line":101,"column":2},"end":{"line":101,"column":null}},"type":"default-arg","locations":[{"start":{"line":101,"column":11},"end":{"line":101,"column":null}}],"line":101},"4":{"loc":{"start":{"line":103,"column":2},"end":{"line":103,"column":null}},"type":"default-arg","locations":[{"start":{"line":103,"column":13},"end":{"line":103,"column":null}}],"line":103},"5":{"loc":{"start":{"line":104,"column":2},"end":{"line":104,"column":null}},"type":"default-arg","locations":[{"start":{"line":104,"column":13},"end":{"line":104,"column":null}}],"line":104},"6":{"loc":{"start":{"line":105,"column":2},"end":{"line":105,"column":null}},"type":"default-arg","locations":[{"start":{"line":105,"column":12},"end":{"line":105,"column":null}}],"line":105},"7":{"loc":{"start":{"line":108,"column":2},"end":{"line":108,"column":null}},"type":"default-arg","locations":[{"start":{"line":108,"column":13},"end":{"line":108,"column":null}}],"line":108},"8":{"loc":{"start":{"line":109,"column":2},"end":{"line":109,"column":null}},"type":"default-arg","locations":[{"start":{"line":109,"column":9},"end":{"line":109,"column":null}}],"line":109},"9":{"loc":{"start":{"line":114,"column":2},"end":{"line":114,"column":null}},"type":"default-arg","locations":[{"start":{"line":114,"column":13},"end":{"line":114,"column":null}}],"line":114},"10":{"loc":{"start":{"line":119,"column":21},"end":{"line":119,"column":null}},"type":"binary-expr","locations":[{"start":{"line":119,"column":21},"end":{"line":119,"column":33}},{"start":{"line":119,"column":33},"end":{"line":119,"column":null}}],"line":119},"11":{"loc":{"start":{"line":128,"column":4},"end":{"line":128,"column":null}},"type":"if","locations":[{"start":{"line":128,"column":4},"end":{"line":128,"column":null}},{"start":{},"end":{}}],"line":128},"12":{"loc":{"start":{"line":146,"column":4},"end":{"line":148,"column":null}},"type":"if","locations":[{"start":{"line":146,"column":4},"end":{"line":148,"column":null}},{"start":{},"end":{}}],"line":146},"13":{"loc":{"start":{"line":146,"column":8},"end":{"line":146,"column":44}},"type":"binary-expr","locations":[{"start":{"line":146,"column":8},"end":{"line":146,"column":23}},{"start":{"line":146,"column":23},"end":{"line":146,"column":35}},{"start":{"line":146,"column":35},"end":{"line":146,"column":44}}],"line":146},"14":{"loc":{"start":{"line":154,"column":4},"end":{"line":154,"column":null}},"type":"binary-expr","locations":[{"start":{"line":154,"column":4},"end":{"line":154,"column":14}},{"start":{"line":154,"column":14},"end":{"line":154,"column":null}}],"line":154},"15":{"loc":{"start":{"line":157,"column":4},"end":{"line":157,"column":null}},"type":"binary-expr","locations":[{"start":{"line":157,"column":4},"end":{"line":157,"column":16}},{"start":{"line":157,"column":16},"end":{"line":157,"column":null}}],"line":157},"16":{"loc":{"start":{"line":163,"column":4},"end":{"line":163,"column":null}},"type":"binary-expr","locations":[{"start":{"line":163,"column":4},"end":{"line":163,"column":17}},{"start":{"line":163,"column":17},"end":{"line":163,"column":null}}],"line":163},"17":{"loc":{"start":{"line":164,"column":4},"end":{"line":164,"column":null}},"type":"binary-expr","locations":[{"start":{"line":164,"column":4},"end":{"line":164,"column":20}},{"start":{"line":164,"column":20},"end":{"line":164,"column":null}}],"line":164},"18":{"loc":{"start":{"line":168,"column":14},"end":{"line":168,"column":null}},"type":"cond-expr","locations":[{"start":{"line":168,"column":21},"end":{"line":168,"column":27}},{"start":{"line":168,"column":27},"end":{"line":168,"column":null}}],"line":168},"19":{"loc":{"start":{"line":168,"column":27},"end":{"line":168,"column":null}},"type":"cond-expr","locations":[{"start":{"line":168,"column":37},"end":{"line":168,"column":45}},{"start":{"line":168,"column":45},"end":{"line":168,"column":null}}],"line":168},"20":{"loc":{"start":{"line":172,"column":13},"end":{"line":172,"column":null}},"type":"cond-expr","locations":[{"start":{"line":172,"column":23},"end":{"line":172,"column":52}},{"start":{"line":172,"column":52},"end":{"line":172,"column":null}}],"line":172},"21":{"loc":{"start":{"line":173,"column":17},"end":{"line":173,"column":null}},"type":"binary-expr","locations":[{"start":{"line":173,"column":17},"end":{"line":173,"column":28}},{"start":{"line":173,"column":28},"end":{"line":173,"column":null}}],"line":173},"22":{"loc":{"start":{"line":174,"column":21},"end":{"line":174,"column":null}},"type":"binary-expr","locations":[{"start":{"line":174,"column":21},"end":{"line":174,"column":35}},{"start":{"line":174,"column":35},"end":{"line":174,"column":null}}],"line":174},"23":{"loc":{"start":{"line":176,"column":11},"end":{"line":176,"column":null}},"type":"cond-expr","locations":[{"start":{"line":176,"column":22},"end":{"line":176,"column":34}},{"start":{"line":176,"column":34},"end":{"line":176,"column":null}}],"line":176},"24":{"loc":{"start":{"line":180,"column":24},"end":{"line":192,"column":null}},"type":"cond-expr","locations":[{"start":{"line":181,"column":6},"end":{"line":186,"column":null}},{"start":{"line":187,"column":6},"end":{"line":192,"column":null}}],"line":180},"25":{"loc":{"start":{"line":183,"column":16},"end":{"line":183,"column":null}},"type":"cond-expr","locations":[{"start":{"line":183,"column":27},"end":{"line":183,"column":38}},{"start":{"line":183,"column":38},"end":{"line":183,"column":null}}],"line":183},"26":{"loc":{"start":{"line":184,"column":13},"end":{"line":184,"column":null}},"type":"cond-expr","locations":[{"start":{"line":184,"column":24},"end":{"line":184,"column":48}},{"start":{"line":184,"column":48},"end":{"line":184,"column":null}}],"line":184},"27":{"loc":{"start":{"line":185,"column":18},"end":{"line":185,"column":null}},"type":"cond-expr","locations":[{"start":{"line":185,"column":31},"end":{"line":185,"column":36}},{"start":{"line":185,"column":36},"end":{"line":185,"column":null}}],"line":185},"28":{"loc":{"start":{"line":187,"column":6},"end":{"line":192,"column":null}},"type":"cond-expr","locations":[{"start":{"line":188,"column":8},"end":{"line":188,"column":null}},{"start":{"line":189,"column":8},"end":{"line":192,"column":null}}],"line":187},"29":{"loc":{"start":{"line":196,"column":7},"end":{"line":199,"column":null}},"type":"binary-expr","locations":[{"start":{"line":196,"column":7},"end":{"line":196,"column":null}},{"start":{"line":197,"column":8},"end":{"line":199,"column":null}}],"line":196},"30":{"loc":{"start":{"line":201,"column":7},"end":{"line":212,"column":null}},"type":"binary-expr","locations":[{"start":{"line":201,"column":7},"end":{"line":201,"column":20}},{"start":{"line":201,"column":20},"end":{"line":201,"column":null}},{"start":{"line":202,"column":8},"end":{"line":212,"column":null}}],"line":201},"31":{"loc":{"start":{"line":204,"column":12},"end":{"line":204,"column":null}},"type":"binary-expr","locations":[{"start":{"line":204,"column":12},"end":{"line":204,"column":35}},{"start":{"line":204,"column":35},"end":{"line":204,"column":null}}],"line":204},"32":{"loc":{"start":{"line":205,"column":12},"end":{"line":205,"column":null}},"type":"binary-expr","locations":[{"start":{"line":205,"column":12},"end":{"line":205,"column":35}},{"start":{"line":205,"column":35},"end":{"line":205,"column":null}}],"line":205},"33":{"loc":{"start":{"line":206,"column":12},"end":{"line":206,"column":null}},"type":"binary-expr","locations":[{"start":{"line":206,"column":12},"end":{"line":206,"column":35}},{"start":{"line":206,"column":35},"end":{"line":206,"column":null}}],"line":206},"34":{"loc":{"start":{"line":207,"column":12},"end":{"line":207,"column":null}},"type":"binary-expr","locations":[{"start":{"line":207,"column":12},"end":{"line":207,"column":35}},{"start":{"line":207,"column":35},"end":{"line":207,"column":null}}],"line":207}},"s":{"0":1,"1":52,"2":52,"3":52,"4":52,"5":52,"6":52,"7":0,"8":52,"9":52,"10":52,"11":52,"12":52,"13":52,"14":2,"15":1,"16":52,"17":52,"18":52,"19":2,"20":52,"21":52,"22":52},"f":{"0":52,"1":52,"2":2,"3":2},"b":{"0":[52],"1":[52],"2":[52],"3":[52],"4":[52],"5":[52],"6":[52],"7":[52],"8":[52],"9":[52],"10":[52,49],"11":[0,52],"12":[1,1],"13":[2,2,1],"14":[52,1],"15":[52,3],"16":[52,2],"17":[52,2],"18":[4,48],"19":[3,45],"20":[2,48],"21":[52,48],"22":[52,45],"23":[3,49],"24":[4,48],"25":[1,3],"26":[1,3],"27":[1,3],"28":[3,45],"29":[52,5],"30":[52,49,49],"31":[49,46],"32":[49,46],"33":[49,3],"34":[49,3]},"meta":{"lastBranch":35,"lastFunction":4,"lastStatement":23,"seen":{"s:96:22:222:Infinity":0,"f:96:22:96:23":0,"b:98:12:98:Infinity":0,"b:99:9:99:Infinity":1,"b:100:11:100:Infinity":2,"b:101:11:101:Infinity":3,"b:103:13:103:Infinity":4,"b:104:13:104:Infinity":5,"b:105:12:105:Infinity":6,"b:108:13:108:Infinity":7,"b:109:9:109:Infinity":8,"b:114:13:114:Infinity":9,"s:119:21:119:Infinity":1,"b:119:21:119:33:119:33:119:Infinity":10,"s:120:18:120:Infinity":2,"s:122:8:124:Infinity":3,"s:126:2:141:Infinity":4,"f:126:18:126:24":1,"s:127:15:127:Infinity":5,"b:128:4:128:Infinity:undefined:undefined:undefined:undefined":11,"s:128:4:128:Infinity":6,"s:128:13:128:Infinity":7,"s:130:57:130:Infinity":8,"s:133:26:133:Infinity":9,"s:136:23:136:Infinity":10,"s:137:23:137:Infinity":11,"s:140:4:140:Infinity":12,"s:143:22:149:Infinity":13,"f:143:22:143:Infinity":2,"b:146:4:148:Infinity:undefined:undefined:undefined:undefined":12,"s:146:4:148:Infinity":14,"b:146:8:146:23:146:23:146:35:146:35:146:44":13,"s:147:6:147:Infinity":15,"s:151:8:166:Infinity":16,"b:154:4:154:14:154:14:154:Infinity":14,"b:157:4:157:16:157:16:157:Infinity":15,"b:163:4:163:17:163:17:163:Infinity":16,"b:164:4:164:20:164:20:164:Infinity":17,"s:168:14:168:Infinity":17,"b:168:21:168:27:168:27:168:Infinity":18,"b:168:37:168:45:168:45:168:Infinity":19,"s:170:22:178:Infinity":18,"b:172:23:172:52:172:52:172:Infinity":20,"f:172:23:172:24":3,"s:172:35:172:52":19,"b:173:17:173:28:173:28:173:Infinity":21,"b:174:21:174:35:174:35:174:Infinity":22,"b:176:22:176:34:176:34:176:Infinity":23,"s:180:24:192:Infinity":20,"b:181:6:186:Infinity:187:6:192:Infinity":24,"b:183:27:183:38:183:38:183:Infinity":25,"b:184:24:184:48:184:48:184:Infinity":26,"b:185:31:185:36:185:36:185:Infinity":27,"b:188:8:188:Infinity:189:8:192:Infinity":28,"s:195:4:214:Infinity":21,"b:196:7:196:Infinity:197:8:199:Infinity":29,"b:201:7:201:20:201:20:201:Infinity:202:8:212:Infinity":30,"b:204:12:204:35:204:35:204:Infinity":31,"b:205:12:205:35:205:35:205:Infinity":32,"b:206:12:206:35:206:35:206:Infinity":33,"b:207:12:207:35:207:35:207:Infinity":34,"s:217:2:220:Infinity":22}}}
,"C:\\Dev\\School\\12__Examensarbete\\precision-spec-dev\\src\\components\\forms\\Toggle\\Toggle.module.scss": {"path":"C:\\Dev\\School\\12__Examensarbete\\precision-spec-dev\\src\\components\\forms\\Toggle\\Toggle.module.scss","statementMap":{},"fnMap":{},"branchMap":{},"s":{},"f":{},"b":{},"meta":{"lastBranch":0,"lastFunction":0,"lastStatement":0,"seen":{}}}
,"C:\\Dev\\School\\12__Examensarbete\\precision-spec-dev\\src\\components\\forms\\Toggle\\Toggle.tsx": {"path":"C:\\Dev\\School\\12__Examensarbete\\precision-spec-dev\\src\\components\\forms\\Toggle\\Toggle.tsx","statementMap":{"0":{"start":{"line":69,"column":22},"end":{"line":130,"column":null}},"1":{"start":{"line":79,"column":2},"end":{"line":128,"column":null}},"2":{"start":{"line":96,"column":27},"end":{"line":96,"column":null}}},"fnMap":{"0":{"name":"(anonymous_0)","decl":{"start":{"line":69,"column":22},"end":{"line":69,"column":23}},"loc":{"start":{"line":78,"column":19},"end":{"line":130,"column":null}},"line":78},"1":{"name":"(anonymous_1)","decl":{"start":{"line":96,"column":20},"end":{"line":96,"column":21}},"loc":{"start":{"line":96,"column":27},"end":{"line":96,"column":null}},"line":96}},"branchMap":{"0":{"loc":{"start":{"line":76,"column":2},"end":{"line":76,"column":null}},"type":"default-arg","locations":[{"start":{"line":76,"column":18},"end":{"line":76,"column":null}}],"line":76},"1":{"loc":{"start":{"line":77,"column":2},"end":{"line":77,"column":null}},"type":"default-arg","locations":[{"start":{"line":77,"column":9},"end":{"line":77,"column":null}}],"line":77},"2":{"loc":{"start":{"line":81,"column":7},"end":{"line":87,"column":null}},"type":"binary-expr","locations":[{"start":{"line":81,"column":7},"end":{"line":81,"column":16}},{"start":{"line":81,"column":16},"end":{"line":81,"column":null}},{"start":{"line":82,"column":8},"end":{"line":87,"column":null}}],"line":81},"3":{"loc":{"start":{"line":104,"column":12},"end":{"line":104,"column":null}},"type":"binary-expr","locations":[{"start":{"line":104,"column":12},"end":{"line":104,"column":23}},{"start":{"line":104,"column":23},"end":{"line":104,"column":null}}],"line":104},"4":{"loc":{"start":{"line":105,"column":12},"end":{"line":105,"column":null}},"type":"binary-expr","locations":[{"start":{"line":105,"column":12},"end":{"line":105,"column":24}},{"start":{"line":105,"column":24},"end":{"line":105,"column":null}}],"line":105},"5":{"loc":{"start":{"line":114,"column":13},"end":{"line":114,"column":null}},"type":"cond-expr","locations":[{"start":{"line":114,"column":23},"end":{"line":114,"column":30}},{"start":{"line":114,"column":30},"end":{"line":114,"column":null}}],"line":114},"6":{"loc":{"start":{"line":120,"column":7},"end":{"line":126,"column":null}},"type":"binary-expr","locations":[{"start":{"line":120,"column":7},"end":{"line":120,"column":16}},{"start":{"line":120,"column":16},"end":{"line":120,"column":null}},{"start":{"line":121,"column":8},"end":{"line":126,"column":null}}],"line":120}},"s":{"0":1,"1":25,"2":3},"f":{"0":25,"1":3},"b":{"0":[25],"1":[25],"2":[25,5,5],"3":[25,3],"4":[25,22],"5":[3,22],"6":[25,5,0]},"meta":{"lastBranch":7,"lastFunction":2,"lastStatement":3,"seen":{"s:69:22:130:Infinity":0,"f:69:22:69:23":0,"b:76:18:76:Infinity":0,"b:77:9:77:Infinity":1,"s:79:2:128:Infinity":1,"b:81:7:81:16:81:16:81:Infinity:82:8:87:Infinity":2,"f:96:20:96:21":1,"s:96:27:96:Infinity":2,"b:104:12:104:23:104:23:104:Infinity":3,"b:105:12:105:24:105:24:105:Infinity":4,"b:114:23:114:30:114:30:114:Infinity":5,"b:120:7:120:16:120:16:120:Infinity:121:8:126:Infinity":6}}}
,"C:\\Dev\\School\\12__Examensarbete\\precision-spec-dev\\src\\hooks\\useMediaQuery.ts": {"path":"C:\\Dev\\School\\12__Examensarbete\\precision-spec-dev\\src\\hooks\\useMediaQuery.ts","statementMap":{"0":{"start":{"line":22,"column":29},"end":{"line":32,"column":null}},"1":{"start":{"line":23,"column":2},"end":{"line":31,"column":null}},"2":{"start":{"line":25,"column":25},"end":{"line":25,"column":null}},"3":{"start":{"line":26,"column":6},"end":{"line":26,"column":null}},"4":{"start":{"line":27,"column":6},"end":{"line":27,"column":null}},"5":{"start":{"line":27,"column":19},"end":{"line":27,"column":null}},"6":{"start":{"line":29,"column":10},"end":{"line":29,"column":null}},"7":{"start":{"line":30,"column":10},"end":{"line":30,"column":null}}},"fnMap":{"0":{"name":"(anonymous_0)","decl":{"start":{"line":22,"column":29},"end":{"line":22,"column":30}},"loc":{"start":{"line":22,"column":48},"end":{"line":32,"column":null}},"line":22},"1":{"name":"(anonymous_1)","decl":{"start":{"line":24,"column":4},"end":{"line":24,"column":5}},"loc":{"start":{"line":24,"column":18},"end":{"line":28,"column":null}},"line":24},"2":{"name":"(anonymous_2)","decl":{"start":{"line":27,"column":13},"end":{"line":27,"column":19}},"loc":{"start":{"line":27,"column":19},"end":{"line":27,"column":null}},"line":27},"3":{"name":"(anonymous_3)","decl":{"start":{"line":29,"column":4},"end":{"line":29,"column":10}},"loc":{"start":{"line":29,"column":10},"end":{"line":29,"column":null}},"line":29},"4":{"name":"(anonymous_4)","decl":{"start":{"line":30,"column":4},"end":{"line":30,"column":10}},"loc":{"start":{"line":30,"column":10},"end":{"line":30,"column":null}},"line":30}},"branchMap":{},"s":{"0":1,"1":15,"2":15,"3":15,"4":15,"5":15,"6":46,"7":0},"f":{"0":15,"1":15,"2":15,"3":46,"4":0},"b":{},"meta":{"lastBranch":0,"lastFunction":5,"lastStatement":8,"seen":{"s:22:29:32:Infinity":0,"f:22:29:22:30":0,"s:23:2:31:Infinity":1,"f:24:4:24:5":1,"s:25:25:25:Infinity":2,"s:26:6:26:Infinity":3,"s:27:6:27:Infinity":4,"f:27:13:27:19":2,"s:27:19:27:Infinity":5,"f:29:4:29:10":3,"s:29:10:29:Infinity":6,"f:30:4:30:10":4,"s:30:10:30:Infinity":7}}}
,"C:\\Dev\\School\\12__Examensarbete\\precision-spec-dev\\src\\hooks\\useScrollLock.ts": {"path":"C:\\Dev\\School\\12__Examensarbete\\precision-spec-dev\\src\\hooks\\useScrollLock.ts","statementMap":{"0":{"start":{"line":3,"column":29},"end":{"line":36,"column":null}},"1":{"start":{"line":4,"column":2},"end":{"line":35,"column":null}},"2":{"start":{"line":5,"column":4},"end":{"line":5,"column":null}},"3":{"start":{"line":5,"column":19},"end":{"line":5,"column":null}},"4":{"start":{"line":8,"column":27},"end":{"line":8,"column":null}},"5":{"start":{"line":11,"column":26},"end":{"line":11,"column":null}},"6":{"start":{"line":12,"column":33},"end":{"line":12,"column":null}},"7":{"start":{"line":15,"column":4},"end":{"line":15,"column":null}},"8":{"start":{"line":18,"column":4},"end":{"line":27,"column":null}},"9":{"start":{"line":19,"column":6},"end":{"line":19,"column":null}},"10":{"start":{"line":23,"column":6},"end":{"line":26,"column":null}},"11":{"start":{"line":30,"column":4},"end":{"line":34,"column":null}},"12":{"start":{"line":31,"column":6},"end":{"line":31,"column":null}},"13":{"start":{"line":32,"column":6},"end":{"line":32,"column":null}},"14":{"start":{"line":33,"column":6},"end":{"line":33,"column":null}}},"fnMap":{"0":{"name":"(anonymous_0)","decl":{"start":{"line":3,"column":29},"end":{"line":3,"column":30}},"loc":{"start":{"line":3,"column":52},"end":{"line":36,"column":null}},"line":3},"1":{"name":"(anonymous_1)","decl":{"start":{"line":4,"column":12},"end":{"line":4,"column":18}},"loc":{"start":{"line":4,"column":18},"end":{"line":35,"column":5}},"line":4},"2":{"name":"(anonymous_2)","decl":{"start":{"line":30,"column":11},"end":{"line":30,"column":17}},"loc":{"start":{"line":30,"column":17},"end":{"line":34,"column":null}},"line":30}},"branchMap":{"0":{"loc":{"start":{"line":5,"column":4},"end":{"line":5,"column":null}},"type":"if","locations":[{"start":{"line":5,"column":4},"end":{"line":5,"column":null}},{"start":{},"end":{}}],"line":5},"1":{"loc":{"start":{"line":18,"column":4},"end":{"line":27,"column":null}},"type":"if","locations":[{"start":{"line":18,"column":4},"end":{"line":27,"column":null}},{"start":{},"end":{}}],"line":18}},"s":{"0":1,"1":18,"2":18,"3":5,"4":13,"5":13,"6":13,"7":13,"8":13,"9":11,"10":11,"11":13,"12":13,"13":13,"14":13},"f":{"0":18,"1":18,"2":13},"b":{"0":[5,13],"1":[11,2]},"meta":{"lastBranch":2,"lastFunction":3,"lastStatement":15,"seen":{"s:3:29:36:Infinity":0,"f:3:29:3:30":0,"s:4:2:35:Infinity":1,"f:4:12:4:18":1,"b:5:4:5:Infinity:undefined:undefined:undefined:undefined":0,"s:5:4:5:Infinity":2,"s:5:19:5:Infinity":3,"s:8:27:8:Infinity":4,"s:11:26:11:Infinity":5,"s:12:33:12:Infinity":6,"s:15:4:15:Infinity":7,"b:18:4:27:Infinity:undefined:undefined:undefined:undefined":1,"s:18:4:27:Infinity":8,"s:19:6:19:Infinity":9,"s:23:6:26:Infinity":10,"s:30:4:34:Infinity":11,"f:30:11:30:17":2,"s:31:6:31:Infinity":12,"s:32:6:32:Infinity":13,"s:33:6:33:Infinity":14}}}
,"C:\\Dev\\School\\12__Examensarbete\\precision-spec-dev\\src\\utils\\getCorrectedMetrics.ts": {"path":"C:\\Dev\\School\\12__Examensarbete\\precision-spec-dev\\src\\utils\\getCorrectedMetrics.ts","statementMap":{"0":{"start":{"line":1,"column":45},"end":{"line":21,"column":null}},"1":{"start":{"line":6,"column":23},"end":{"line":6,"column":null}},"2":{"start":{"line":7,"column":22},"end":{"line":7,"column":null}},"3":{"start":{"line":9,"column":2},"end":{"line":15,"column":null}},"4":{"start":{"line":10,"column":10},"end":{"line":10,"column":null}},"5":{"start":{"line":11,"column":4},"end":{"line":14,"column":null}},"6":{"start":{"line":17,"column":2},"end":{"line":20,"column":null}}},"fnMap":{"0":{"name":"(anonymous_0)","decl":{"start":{"line":1,"column":45},"end":{"line":1,"column":null}},"loc":{"start":{"line":5,"column":5},"end":{"line":21,"column":null}},"line":5}},"branchMap":{"0":{"loc":{"start":{"line":9,"column":2},"end":{"line":15,"column":null}},"type":"if","locations":[{"start":{"line":9,"column":2},"end":{"line":15,"column":null}},{"start":{},"end":{}}],"line":9}},"s":{"0":1,"1":14,"2":14,"3":14,"4":5,"5":5,"6":9},"f":{"0":14},"b":{"0":[5,9]},"meta":{"lastBranch":1,"lastFunction":1,"lastStatement":7,"seen":{"s:1:45:21:Infinity":0,"f:1:45:1:Infinity":0,"s:6:23:6:Infinity":1,"s:7:22:7:Infinity":2,"b:9:2:15:Infinity:undefined:undefined:undefined:undefined":0,"s:9:2:15:Infinity":3,"s:10:10:10:Infinity":4,"s:11:4:14:Infinity":5,"s:17:2:20:Infinity":6}}}
,"C:\\Dev\\School\\12__Examensarbete\\precision-spec-dev\\src\\utils\\getFontCategory.ts": {"path":"C:\\Dev\\School\\12__Examensarbete\\precision-spec-dev\\src\\utils\\getFontCategory.ts","statementMap":{"0":{"start":{"line":9,"column":27},"end":{"line":63,"column":null}},"1":{"start":{"line":10,"column":14},"end":{"line":10,"column":null}},"2":{"start":{"line":11,"column":8},"end":{"line":11,"column":null}},"3":{"start":{"line":12,"column":8},"end":{"line":12,"column":null}},"4":{"start":{"line":16,"column":20},"end":{"line":16,"column":null}},"5":{"start":{"line":18,"column":17},"end":{"line":18,"column":null}},"6":{"start":{"line":19,"column":17},"end":{"line":19,"column":null}},"7":{"start":{"line":20,"column":23},"end":{"line":20,"column":null}},"8":{"start":{"line":22,"column":2},"end":{"line":22,"column":null}},"9":{"start":{"line":22,"column":33},"end":{"line":22,"column":null}},"10":{"start":{"line":25,"column":21},"end":{"line":25,"column":null}},"11":{"start":{"line":26,"column":2},"end":{"line":26,"column":null}},"12":{"start":{"line":26,"column":24},"end":{"line":26,"column":null}},"13":{"start":{"line":29,"column":2},"end":{"line":29,"column":null}},"14":{"start":{"line":29,"column":37},"end":{"line":29,"column":null}},"15":{"start":{"line":32,"column":2},"end":{"line":34,"column":null}},"16":{"start":{"line":33,"column":4},"end":{"line":33,"column":null}},"17":{"start":{"line":37,"column":2},"end":{"line":43,"column":null}},"18":{"start":{"line":38,"column":23},"end":{"line":38,"column":null}},"19":{"start":{"line":40,"column":4},"end":{"line":40,"column":null}},"20":{"start":{"line":40,"column":45},"end":{"line":40,"column":null}},"21":{"start":{"line":42,"column":4},"end":{"line":42,"column":null}},"22":{"start":{"line":42,"column":46},"end":{"line":42,"column":null}},"23":{"start":{"line":46,"column":22},"end":{"line":46,"column":null}},"24":{"start":{"line":47,"column":2},"end":{"line":47,"column":null}},"25":{"start":{"line":47,"column":44},"end":{"line":47,"column":null}},"26":{"start":{"line":48,"column":2},"end":{"line":48,"column":null}},"27":{"start":{"line":48,"column":25},"end":{"line":48,"column":null}},"28":{"start":{"line":51,"column":2},"end":{"line":51,"column":null}},"29":{"start":{"line":51,"column":44},"end":{"line":51,"column":null}},"30":{"start":{"line":52,"column":2},"end":{"line":52,"column":null}},"31":{"start":{"line":52,"column":26},"end":{"line":52,"column":null}},"32":{"start":{"line":56,"column":4},"end":{"line":56,"column":null}},"33":{"start":{"line":57,"column":2},"end":{"line":59,"column":null}},"34":{"start":{"line":58,"column":4},"end":{"line":58,"column":null}},"35":{"start":{"line":62,"column":2},"end":{"line":62,"column":null}}},"fnMap":{"0":{"name":"(anonymous_0)","decl":{"start":{"line":9,"column":27},"end":{"line":9,"column":28}},"loc":{"start":{"line":9,"column":59},"end":{"line":63,"column":null}},"line":9}},"branchMap":{"0":{"loc":{"start":{"line":11,"column":16},"end":{"line":11,"column":39}},"type":"binary-expr","locations":[{"start":{"line":11,"column":16},"end":{"line":11,"column":35}},{"start":{"line":11,"column":35},"end":{"line":11,"column":39}}],"line":11},"1":{"loc":{"start":{"line":12,"column":22},"end":{"line":12,"column":49}},"type":"binary-expr","locations":[{"start":{"line":12,"column":22},"end":{"line":12,"column":45}},{"start":{"line":12,"column":45},"end":{"line":12,"column":49}}],"line":12},"2":{"loc":{"start":{"line":22,"column":2},"end":{"line":22,"column":null}},"type":"if","locations":[{"start":{"line":22,"column":2},"end":{"line":22,"column":null}},{"start":{},"end":{}}],"line":22},"3":{"loc":{"start":{"line":22,"column":6},"end":{"line":22,"column":33}},"type":"binary-expr","locations":[{"start":{"line":22,"column":6},"end":{"line":22,"column":19}},{"start":{"line":22,"column":19},"end":{"line":22,"column":33}}],"line":22},"4":{"loc":{"start":{"line":26,"column":2},"end":{"line":26,"column":null}},"type":"if","locations":[{"start":{"line":26,"column":2},"end":{"line":26,"column":null}},{"start":{},"end":{}}],"line":26},"5":{"loc":{"start":{"line":29,"column":2},"end":{"line":29,"column":null}},"type":"if","locations":[{"start":{"line":29,"column":2},"end":{"line":29,"column":null}},{"start":{},"end":{}}],"line":29},"6":{"loc":{"start":{"line":32,"column":2},"end":{"line":34,"column":null}},"type":"if","locations":[{"start":{"line":32,"column":2},"end":{"line":34,"column":null}},{"start":{},"end":{}}],"line":32},"7":{"loc":{"start":{"line":37,"column":2},"end":{"line":43,"column":null}},"type":"if","locations":[{"start":{"line":37,"column":2},"end":{"line":43,"column":null}},{"start":{},"end":{}}],"line":37},"8":{"loc":{"start":{"line":40,"column":4},"end":{"line":40,"column":null}},"type":"if","locations":[{"start":{"line":40,"column":4},"end":{"line":40,"column":null}},{"start":{},"end":{}}],"line":40},"9":{"loc":{"start":{"line":40,"column":8},"end":{"line":40,"column":45}},"type":"binary-expr","locations":[{"start":{"line":40,"column":8},"end":{"line":40,"column":27}},{"start":{"line":40,"column":27},"end":{"line":40,"column":45}}],"line":40},"10":{"loc":{"start":{"line":42,"column":4},"end":{"line":42,"column":null}},"type":"if","locations":[{"start":{"line":42,"column":4},"end":{"line":42,"column":null}},{"start":{},"end":{}}],"line":42},"11":{"loc":{"start":{"line":42,"column":8},"end":{"line":42,"column":46}},"type":"binary-expr","locations":[{"start":{"line":42,"column":8},"end":{"line":42,"column":28}},{"start":{"line":42,"column":28},"end":{"line":42,"column":46}}],"line":42},"12":{"loc":{"start":{"line":47,"column":2},"end":{"line":47,"column":null}},"type":"if","locations":[{"start":{"line":47,"column":2},"end":{"line":47,"column":null}},{"start":{},"end":{}}],"line":47},"13":{"loc":{"start":{"line":47,"column":6},"end":{"line":47,"column":44}},"type":"binary-expr","locations":[{"start":{"line":47,"column":6},"end":{"line":47,"column":26}},{"start":{"line":47,"column":26},"end":{"line":47,"column":44}}],"line":47},"14":{"loc":{"start":{"line":48,"column":2},"end":{"line":48,"column":null}},"type":"if","locations":[{"start":{"line":48,"column":2},"end":{"line":48,"column":null}},{"start":{},"end":{}}],"line":48},"15":{"loc":{"start":{"line":51,"column":2},"end":{"line":51,"column":null}},"type":"if","locations":[{"start":{"line":51,"column":2},"end":{"line":51,"column":null}},{"start":{},"end":{}}],"line":51},"16":{"loc":{"start":{"line":51,"column":6},"end":{"line":51,"column":44}},"type":"binary-expr","locations":[{"start":{"line":51,"column":6},"end":{"line":51,"column":26}},{"start":{"line":51,"column":26},"end":{"line":51,"column":44}}],"line":51},"17":{"loc":{"start":{"line":52,"column":2},"end":{"line":52,"column":null}},"type":"if","locations":[{"start":{"line":52,"column":2},"end":{"line":52,"column":null}},{"start":{},"end":{}}],"line":52},"18":{"loc":{"start":{"line":57,"column":2},"end":{"line":59,"column":null}},"type":"if","locations":[{"start":{"line":57,"column":2},"end":{"line":59,"column":null}},{"start":{},"end":{}}],"line":57},"19":{"loc":{"start":{"line":57,"column":6},"end":{"line":57,"column":60}},"type":"binary-expr","locations":[{"start":{"line":57,"column":6},"end":{"line":57,"column":31}},{"start":{"line":57,"column":31},"end":{"line":57,"column":60}}],"line":57}},"s":{"0":1,"1":19,"2":19,"3":19,"4":19,"5":19,"6":19,"7":19,"8":19,"9":3,"10":16,"11":19,"12":2,"13":14,"14":1,"15":13,"16":2,"17":11,"18":2,"19":2,"20":1,"21":1,"22":1,"23":9,"24":19,"25":1,"26":8,"27":1,"28":7,"29":1,"30":6,"31":1,"32":5,"33":5,"34":4,"35":1},"f":{"0":19},"b":{"0":[19,0],"1":[19,0],"2":[3,16],"3":[19,17],"4":[2,17],"5":[1,13],"6":[2,11],"7":[2,9],"8":[1,1],"9":[2,2],"10":[1,0],"11":[1,1],"12":[1,18],"13":[19,3],"14":[1,7],"15":[1,6],"16":[7,6],"17":[1,5],"18":[4,1],"19":[5,1]},"meta":{"lastBranch":20,"lastFunction":1,"lastStatement":36,"seen":{"s:9:27:63:Infinity":0,"f:9:27:9:28":0,"s:10:14:10:Infinity":1,"s:11:8:11:Infinity":2,"b:11:16:11:35:11:35:11:39":0,"s:12:8:12:Infinity":3,"b:12:22:12:45:12:45:12:49":1,"s:16:20:16:Infinity":4,"s:18:17:18:Infinity":5,"s:19:17:19:Infinity":6,"s:20:23:20:Infinity":7,"b:22:2:22:Infinity:undefined:undefined:undefined:undefined":2,"s:22:2:22:Infinity":8,"b:22:6:22:19:22:19:22:33":3,"s:22:33:22:Infinity":9,"s:25:21:25:Infinity":10,"b:26:2:26:Infinity:undefined:undefined:undefined:undefined":4,"s:26:2:26:Infinity":11,"s:26:24:26:Infinity":12,"b:29:2:29:Infinity:undefined:undefined:undefined:undefined":5,"s:29:2:29:Infinity":13,"s:29:37:29:Infinity":14,"b:32:2:34:Infinity:undefined:undefined:undefined:undefined":6,"s:32:2:34:Infinity":15,"s:33:4:33:Infinity":16,"b:37:2:43:Infinity:undefined:undefined:undefined:undefined":7,"s:37:2:43:Infinity":17,"s:38:23:38:Infinity":18,"b:40:4:40:Infinity:undefined:undefined:undefined:undefined":8,"s:40:4:40:Infinity":19,"b:40:8:40:27:40:27:40:45":9,"s:40:45:40:Infinity":20,"b:42:4:42:Infinity:undefined:undefined:undefined:undefined":10,"s:42:4:42:Infinity":21,"b:42:8:42:28:42:28:42:46":11,"s:42:46:42:Infinity":22,"s:46:22:46:Infinity":23,"b:47:2:47:Infinity:undefined:undefined:undefined:undefined":12,"s:47:2:47:Infinity":24,"b:47:6:47:26:47:26:47:44":13,"s:47:44:47:Infinity":25,"b:48:2:48:Infinity:undefined:undefined:undefined:undefined":14,"s:48:2:48:Infinity":26,"s:48:25:48:Infinity":27,"b:51:2:51:Infinity:undefined:undefined:undefined:undefined":15,"s:51:2:51:Infinity":28,"b:51:6:51:26:51:26:51:44":16,"s:51:44:51:Infinity":29,"b:52:2:52:Infinity:undefined:undefined:undefined:undefined":17,"s:52:2:52:Infinity":30,"s:52:26:52:Infinity":31,"s:56:4:56:Infinity":32,"b:57:2:59:Infinity:undefined:undefined:undefined:undefined":18,"s:57:2:59:Infinity":33,"b:57:6:57:31:57:31:57:60":19,"s:58:4:58:Infinity":34,"s:62:2:62:Infinity":35}}}
}
